<?xml version="1.0" encoding="UTF-8"?>
<coverage generated="1772088365029" clover="3.2.0">
  <project timestamp="1772088365029" name="All files">
    <metrics statements="272" coveredstatements="244" conditionals="225" coveredconditionals="181" methods="40" coveredmethods="31" elements="537" coveredelements="456" complexity="0" loc="272" ncloc="272" packages="2" files="2" classes="2"/>
    <package name="lib">
      <metrics statements="159" coveredstatements="139" conditionals="129" coveredconditionals="102" methods="24" coveredmethods="16"/>
      <file name="state.js" path="/home/q/.openclaw/workspace/plugins/context-persistence/lib/state.js">
        <metrics statements="159" coveredstatements="139" conditionals="129" coveredconditionals="102" methods="24" coveredmethods="16"/>
        <line num="23" count="3" type="stmt"/>
        <line num="24" count="3" type="stmt"/>
        <line num="25" count="3" type="stmt"/>
        <line num="35" count="3" type="stmt"/>
        <line num="36" count="3" type="stmt"/>
        <line num="38" count="0" type="stmt"/>
        <line num="39" count="0" type="stmt"/>
        <line num="45" count="3" type="stmt"/>
        <line num="53" count="3" type="stmt"/>
        <line num="59" count="3" type="stmt"/>
        <line num="67" count="79" type="cond" truecount="2" falsecount="0"/>
        <line num="69" count="3" type="stmt"/>
        <line num="70" count="3" type="cond" truecount="1" falsecount="1"/>
        <line num="71" count="0" type="stmt"/>
        <line num="74" count="3" type="stmt"/>
        <line num="78" count="2002" type="stmt"/>
        <line num="83" count="0" type="stmt"/>
        <line num="84" count="0" type="stmt"/>
        <line num="87" count="0" type="stmt"/>
        <line num="88" count="0" type="stmt"/>
        <line num="89" count="0" type="stmt"/>
        <line num="90" count="0" type="stmt"/>
        <line num="92" count="0" type="stmt"/>
        <line num="93" count="0" type="stmt"/>
        <line num="99" count="3" type="stmt"/>
        <line num="109" count="71" type="stmt"/>
        <line num="110" count="138" type="cond" truecount="2" falsecount="0"/>
        <line num="111" count="137" type="stmt"/>
        <line num="116" count="71" type="cond" truecount="2" falsecount="0"/>
        <line num="117" count="1" type="stmt"/>
        <line num="121" count="71" type="cond" truecount="4" falsecount="0"/>
        <line num="122" count="10" type="stmt"/>
        <line num="123" count="10" type="stmt"/>
        <line num="127" count="1" type="stmt"/>
        <line num="130" count="10" type="stmt"/>
        <line num="132" count="0" type="stmt"/>
        <line num="143" count="0" type="stmt"/>
        <line num="161" count="59" type="cond" truecount="2" falsecount="0"/>
        <line num="163" count="58" type="stmt"/>
        <line num="165" count="58" type="cond" truecount="2" falsecount="0"/>
        <line num="168" count="1" type="stmt"/>
        <line num="177" count="7" type="cond" truecount="4" falsecount="0"/>
        <line num="178" count="3" type="stmt"/>
        <line num="182" count="4" type="stmt"/>
        <line num="183" count="4" type="cond" truecount="2" falsecount="0"/>
        <line num="184" count="3" type="stmt"/>
        <line num="185" count="3" type="stmt"/>
        <line num="186" count="2" type="stmt"/>
        <line num="189" count="2" type="cond" truecount="4" falsecount="0"/>
        <line num="190" count="1" type="stmt"/>
        <line num="191" count="1" type="stmt"/>
        <line num="195" count="1" type="stmt"/>
        <line num="196" count="1" type="stmt"/>
        <line num="201" count="2" type="stmt"/>
        <line num="209" count="9" type="stmt"/>
        <line num="211" count="9" type="stmt"/>
        <line num="228" count="351" type="cond" truecount="1" falsecount="1"/>
        <line num="236" count="351" type="stmt"/>
        <line num="248" count="3" type="stmt"/>
        <line num="270" count="122" type="stmt"/>
        <line num="272" count="122" type="stmt"/>
        <line num="273" count="1464" type="stmt"/>
        <line num="276" count="1464" type="cond" truecount="4" falsecount="0"/>
        <line num="277" count="11" type="stmt"/>
        <line num="278" count="11" type="stmt"/>
        <line num="281" count="1453" type="cond" truecount="2" falsecount="0"/>
        <line num="284" count="843" type="cond" truecount="2" falsecount="0"/>
        <line num="285" count="604" type="cond" truecount="1" falsecount="1"/>
        <line num="286" count="0" type="stmt"/>
        <line num="287" count="604" type="cond" truecount="1" falsecount="1"/>
        <line num="288" count="0" type="stmt"/>
        <line num="290" count="239" type="cond" truecount="2" falsecount="0"/>
        <line num="291" count="120" type="cond" truecount="2" falsecount="0"/>
        <line num="292" count="2" type="stmt"/>
        <line num="294" count="119" type="cond" truecount="1" falsecount="1"/>
        <line num="295" count="119" type="cond" truecount="2" falsecount="0"/>
        <line num="296" count="2" type="stmt"/>
        <line num="298" count="0" type="cond" truecount="0" falsecount="2"/>
        <line num="299" count="0" type="cond" truecount="0" falsecount="5"/>
        <line num="300" count="0" type="stmt"/>
        <line num="306" count="122" type="cond" truecount="4" falsecount="0"/>
        <line num="307" count="121" type="stmt"/>
        <line num="308" count="121" type="cond" truecount="2" falsecount="0"/>
        <line num="309" count="1" type="stmt"/>
        <line num="313" count="122" type="cond" truecount="2" falsecount="0"/>
        <line num="314" count="8" type="stmt"/>
        <line num="330" count="220" type="stmt"/>
        <line num="331" count="220" type="cond" truecount="2" falsecount="0"/>
        <line num="332" count="2" type="stmt"/>
        <line num="334" count="218" type="stmt"/>
        <line num="335" count="218" type="stmt"/>
        <line num="337" count="218" type="stmt"/>
        <line num="338" count="218" type="stmt"/>
        <line num="339" count="216" type="cond" truecount="3" falsecount="1"/>
        <line num="340" count="0" type="stmt"/>
        <line num="342" count="216" type="stmt"/>
        <line num="344" count="2" type="stmt"/>
        <line num="345" count="2" type="stmt"/>
        <line num="354" count="231" type="stmt"/>
        <line num="355" count="231" type="stmt"/>
        <line num="356" count="231" type="stmt"/>
        <line num="357" count="215" type="stmt"/>
        <line num="358" count="213" type="cond" truecount="2" falsecount="0"/>
        <line num="360" count="18" type="cond" truecount="2" falsecount="0"/>
        <line num="361" count="16" type="stmt"/>
        <line num="363" count="2" type="stmt"/>
        <line num="379" count="119" type="cond" truecount="2" falsecount="0"/>
        <line num="380" count="119" type="stmt"/>
        <line num="382" count="119" type="cond" truecount="2" falsecount="0"/>
        <line num="383" count="119" type="stmt"/>
        <line num="386" count="119" type="stmt"/>
        <line num="389" count="119" type="stmt"/>
        <line num="391" count="119" type="cond" truecount="2" falsecount="0"/>
        <line num="393" count="119" type="stmt"/>
        <line num="396" count="119" type="cond" truecount="2" falsecount="0"/>
        <line num="398" count="119" type="cond" truecount="2" falsecount="0"/>
        <line num="399" count="116" type="stmt"/>
        <line num="400" count="116" type="stmt"/>
        <line num="402" count="4" type="stmt"/>
        <line num="403" count="4" type="stmt"/>
        <line num="408" count="115" type="stmt"/>
        <line num="413" count="115" type="cond" truecount="2" falsecount="0"/>
        <line num="415" count="115" type="cond" truecount="2" falsecount="0"/>
        <line num="416" count="1" type="stmt"/>
        <line num="417" count="1" type="stmt"/>
        <line num="421" count="114" type="stmt"/>
        <line num="422" count="114" type="stmt"/>
        <line num="424" count="114" type="stmt"/>
        <line num="425" count="114" type="stmt"/>
        <line num="426" count="112" type="stmt"/>
        <line num="429" count="2" type="stmt"/>
        <line num="430" count="2" type="stmt"/>
        <line num="433" count="112" type="stmt"/>
        <line num="449" count="5" type="cond" truecount="3" falsecount="0"/>
        <line num="451" count="5" type="stmt"/>
        <line num="452" count="5" type="stmt"/>
        <line num="459" count="4" type="cond" truecount="4" falsecount="0"/>
        <line num="460" count="1" type="stmt"/>
        <line num="472" count="3" type="stmt"/>
        <line num="473" count="3" type="cond" truecount="2" falsecount="0"/>
        <line num="474" count="3" type="stmt"/>
        <line num="475" count="3" type="stmt"/>
        <line num="477" count="3" type="cond" truecount="1" falsecount="1"/>
        <line num="478" count="3" type="cond" truecount="1" falsecount="1"/>
        <line num="480" count="3" type="stmt"/>
        <line num="482" count="3" type="stmt"/>
        <line num="493" count="3" type="stmt"/>
        <line num="494" count="3" type="stmt"/>
        <line num="497" count="1" type="stmt"/>
        <line num="498" count="1" type="stmt"/>
        <line num="511" count="64" type="cond" truecount="1" falsecount="1"/>
        <line num="513" count="64" type="stmt"/>
        <line num="514" count="64" type="cond" truecount="2" falsecount="0"/>
        <line num="515" count="64" type="cond" truecount="2" falsecount="0"/>
        <line num="516" count="64" type="cond" truecount="2" falsecount="0"/>
        <line num="517" count="2" type="stmt"/>
        <line num="526" count="1" type="stmt"/>
        <line num="533" count="3" type="stmt"/>
        <line num="556" count="0" type="stmt"/>
      </file>
    </package>
    <package name="tools">
      <metrics statements="113" coveredstatements="105" conditionals="96" coveredconditionals="79" methods="16" coveredmethods="15"/>
      <file name="index.js" path="/home/q/.openclaw/workspace/plugins/context-persistence/tools/index.js">
        <metrics statements="113" coveredstatements="105" conditionals="96" coveredconditionals="79" methods="16" coveredmethods="15"/>
        <line num="1" count="3" type="stmt"/>
        <line num="2" count="3" type="stmt"/>
        <line num="28" count="3" type="stmt"/>
        <line num="147" count="3" type="stmt"/>
        <line num="148" count="3" type="cond" truecount="2" falsecount="0"/>
        <line num="149" count="1" type="stmt"/>
        <line num="151" count="2" type="stmt"/>
        <line num="164" count="7" type="cond" truecount="5" falsecount="0"/>
        <line num="165" count="2" type="stmt"/>
        <line num="169" count="5" type="cond" truecount="4" falsecount="0"/>
        <line num="170" count="1" type="stmt"/>
        <line num="173" count="4" type="stmt"/>
        <line num="174" count="3" type="stmt"/>
        <line num="192" count="4" type="stmt"/>
        <line num="193" count="4" type="cond" truecount="2" falsecount="0"/>
        <line num="194" count="1" type="stmt"/>
        <line num="197" count="3" type="cond" truecount="2" falsecount="0"/>
        <line num="198" count="3" type="cond" truecount="2" falsecount="0"/>
        <line num="199" count="3" type="cond" truecount="2" falsecount="0"/>
        <line num="201" count="3" type="stmt"/>
        <line num="202" count="3" type="stmt"/>
        <line num="204" count="3" type="stmt"/>
        <line num="205" count="3" type="stmt"/>
        <line num="217" count="0" type="stmt"/>
        <line num="231" count="27" type="cond" truecount="4" falsecount="0"/>
        <line num="232" count="1" type="stmt"/>
        <line num="235" count="26" type="stmt"/>
        <line num="237" count="26" type="cond" truecount="2" falsecount="0"/>
        <line num="238" count="21" type="stmt"/>
        <line num="239" count="21" type="cond" truecount="1" falsecount="1"/>
        <line num="240" count="0" type="stmt"/>
        <line num="242" count="21" type="stmt"/>
        <line num="243" count="20" type="cond" truecount="1" falsecount="1"/>
        <line num="246" count="5" type="stmt"/>
        <line num="249" count="5" type="stmt"/>
        <line num="251" count="5" type="cond" truecount="2" falsecount="0"/>
        <line num="253" count="2" type="stmt"/>
        <line num="255" count="2" type="cond" truecount="2" falsecount="0"/>
        <line num="256" count="1" type="cond" truecount="1" falsecount="1"/>
        <line num="257" count="1" type="stmt"/>
        <line num="261" count="1" type="cond" truecount="1" falsecount="1"/>
        <line num="262" count="1" type="stmt"/>
        <line num="266" count="4" type="stmt"/>
        <line num="267" count="4" type="cond" truecount="1" falsecount="1"/>
        <line num="268" count="0" type="stmt"/>
        <line num="271" count="4" type="stmt"/>
        <line num="272" count="4" type="stmt"/>
        <line num="275" count="3" type="cond" truecount="1" falsecount="1"/>
        <line num="276" count="0" type="stmt"/>
        <line num="280" count="4" type="stmt"/>
        <line num="284" count="3" type="stmt"/>
        <line num="285" count="3" type="stmt"/>
        <line num="287" count="1" type="stmt"/>
        <line num="294" count="3" type="stmt"/>
        <line num="297" count="4" type="stmt"/>
        <line num="301" count="3" type="stmt"/>
        <line num="302" count="3" type="stmt"/>
        <line num="304" count="3" type="stmt"/>
        <line num="317" count="13" type="stmt"/>
        <line num="318" count="13" type="cond" truecount="2" falsecount="0"/>
        <line num="319" count="1" type="stmt"/>
        <line num="323" count="12" type="cond" truecount="2" falsecount="1"/>
        <line num="324" count="12" type="stmt"/>
        <line num="330" count="12" type="stmt"/>
        <line num="331" count="12" type="stmt"/>
        <line num="333" count="5" type="cond" truecount="1" falsecount="3"/>
        <line num="336" count="12" type="stmt"/>
        <line num="343" count="5" type="cond" truecount="2" falsecount="0"/>
        <line num="352" count="12" type="cond" truecount="4" falsecount="0"/>
        <line num="357" count="12" type="cond" truecount="2" falsecount="0"/>
        <line num="358" count="1" type="stmt"/>
        <line num="362" count="11" type="stmt"/>
        <line num="363" count="11" type="stmt"/>
        <line num="364" count="11" type="stmt"/>
        <line num="367" count="11" type="stmt"/>
        <line num="373" count="11" type="stmt"/>
        <line num="377" count="10" type="cond" truecount="2" falsecount="0"/>
        <line num="378" count="1" type="stmt"/>
        <line num="379" count="9" type="cond" truecount="2" falsecount="0"/>
        <line num="380" count="1" type="stmt"/>
        <line num="381" count="8" type="cond" truecount="2" falsecount="0"/>
        <line num="382" count="6" type="stmt"/>
        <line num="383" count="2" type="cond" truecount="2" falsecount="0"/>
        <line num="384" count="1" type="stmt"/>
        <line num="385" count="1" type="cond" truecount="1" falsecount="1"/>
        <line num="386" count="1" type="stmt"/>
        <line num="388" count="0" type="stmt"/>
        <line num="392" count="10" type="cond" truecount="2" falsecount="0"/>
        <line num="393" count="9" type="stmt"/>
        <line num="397" count="10" type="stmt"/>
        <line num="398" count="50" type="cond" truecount="1" falsecount="1"/>
        <line num="399" count="0" type="stmt"/>
        <line num="403" count="10" type="cond" truecount="2" falsecount="0"/>
        <line num="404" count="9" type="stmt"/>
        <line num="405" count="9" type="stmt"/>
        <line num="409" count="0" type="stmt"/>
        <line num="413" count="10" type="stmt"/>
        <line num="429" count="5" type="cond" truecount="2" falsecount="1"/>
        <line num="431" count="5" type="cond" truecount="2" falsecount="0"/>
        <line num="432" count="1" type="stmt"/>
        <line num="435" count="4" type="cond" truecount="2" falsecount="0"/>
        <line num="436" count="1" type="stmt"/>
        <line num="439" count="3" type="stmt"/>
        <line num="441" count="3" type="stmt"/>
        <line num="442" count="8" type="stmt"/>
        <line num="444" count="8" type="stmt"/>
        <line num="450" count="7" type="stmt"/>
        <line num="452" count="1" type="stmt"/>
        <line num="460" count="8" type="stmt"/>
        <line num="461" count="3" type="cond" truecount="2" falsecount="0"/>
        <line num="463" count="3" type="stmt"/>
        <line num="471" count="0" type="stmt"/>
        <line num="478" count="3" type="stmt"/>
      </file>
    </package>
  </project>
</coverage>
