{"/home/q/.openclaw/workspace/plugins/context-persistence/lib/state.js": {"path":"/home/q/.openclaw/workspace/plugins/context-persistence/lib/state.js","statementMap":{"0":{"start":{"line":23,"column":11},"end":{"line":23,"column":24}},"1":{"start":{"line":24,"column":13},"end":{"line":24,"column":28}},"2":{"start":{"line":25,"column":13},"end":{"line":25,"column":31}},"3":{"start":{"line":35,"column":0},"end":{"line":40,"column":1}},"4":{"start":{"line":36,"column":2},"end":{"line":36,"column":43}},"5":{"start":{"line":38,"column":2},"end":{"line":38,"column":85}},"6":{"start":{"line":39,"column":2},"end":{"line":39,"column":18}},"7":{"start":{"line":45,"column":18},"end":{"line":48,"column":1}},"8":{"start":{"line":53,"column":19},"end":{"line":53,"column":21}},"9":{"start":{"line":59,"column":18},"end":{"line":59,"column":22}},"10":{"start":{"line":67,"column":2},"end":{"line":67,"column":38}},"11":{"start":{"line":67,"column":19},"end":{"line":67,"column":38}},"12":{"start":{"line":69,"column":2},"end":{"line":97,"column":3}},"13":{"start":{"line":70,"column":4},"end":{"line":72,"column":5}},"14":{"start":{"line":71,"column":6},"end":{"line":71,"column":53}},"15":{"start":{"line":74,"column":4},"end":{"line":80,"column":7}},"16":{"start":{"line":78,"column":8},"end":{"line":78,"column":109}},"17":{"start":{"line":83,"column":4},"end":{"line":83,"column":92}},"18":{"start":{"line":84,"column":4},"end":{"line":84,"column":74}},"19":{"start":{"line":87,"column":4},"end":{"line":96,"column":6}},"20":{"start":{"line":88,"column":17},"end":{"line":88,"column":22}},"21":{"start":{"line":89,"column":17},"end":{"line":89,"column":21}},"22":{"start":{"line":90,"column":17},"end":{"line":90,"column":22}},"23":{"start":{"line":92,"column":18},"end":{"line":92,"column":19}},"24":{"start":{"line":93,"column":18},"end":{"line":93,"column":20}},"25":{"start":{"line":99,"column":2},"end":{"line":99,"column":21}},"26":{"start":{"line":109,"column":2},"end":{"line":113,"column":3}},"27":{"start":{"line":110,"column":4},"end":{"line":112,"column":5}},"28":{"start":{"line":111,"column":6},"end":{"line":111,"column":34}},"29":{"start":{"line":116,"column":2},"end":{"line":118,"column":3}},"30":{"start":{"line":117,"column":4},"end":{"line":117,"column":24}},"31":{"start":{"line":121,"column":2},"end":{"line":134,"column":3}},"32":{"start":{"line":122,"column":4},"end":{"line":133,"column":5}},"33":{"start":{"line":123,"column":6},"end":{"line":129,"column":9}},"34":{"start":{"line":127,"column":10},"end":{"line":127,"column":111}},"35":{"start":{"line":130,"column":6},"end":{"line":130,"column":78}},"36":{"start":{"line":132,"column":6},"end":{"line":132,"column":91}},"37":{"start":{"line":143,"column":2},"end":{"line":150,"column":4}},"38":{"start":{"line":161,"column":2},"end":{"line":161,"column":25}},"39":{"start":{"line":161,"column":15},"end":{"line":161,"column":25}},"40":{"start":{"line":163,"column":19},"end":{"line":163,"column":32}},"41":{"start":{"line":165,"column":2},"end":{"line":165,"column":47}},"42":{"start":{"line":165,"column":33},"end":{"line":165,"column":47}},"43":{"start":{"line":168,"column":2},"end":{"line":168,"column":43}},"44":{"start":{"line":177,"column":2},"end":{"line":179,"column":3}},"45":{"start":{"line":178,"column":4},"end":{"line":178,"column":17}},"46":{"start":{"line":182,"column":2},"end":{"line":199,"column":3}},"47":{"start":{"line":183,"column":4},"end":{"line":198,"column":5}},"48":{"start":{"line":184,"column":6},"end":{"line":197,"column":7}},"49":{"start":{"line":185,"column":29},"end":{"line":185,"column":61}},"50":{"start":{"line":186,"column":28},"end":{"line":186,"column":47}},"51":{"start":{"line":189,"column":8},"end":{"line":192,"column":9}},"52":{"start":{"line":190,"column":10},"end":{"line":190,"column":91}},"53":{"start":{"line":191,"column":10},"end":{"line":191,"column":23}},"54":{"start":{"line":195,"column":8},"end":{"line":195,"column":105}},"55":{"start":{"line":196,"column":8},"end":{"line":196,"column":21}},"56":{"start":{"line":201,"column":2},"end":{"line":201,"column":14}},"57":{"start":{"line":209,"column":16},"end":{"line":209,"column":26}},"58":{"start":{"line":211,"column":2},"end":{"line":216,"column":4}},"59":{"start":{"line":228,"column":2},"end":{"line":228,"column":57}},"60":{"start":{"line":236,"column":2},"end":{"line":236,"column":64}},"61":{"start":{"line":248,"column":15},"end":{"line":262,"column":1}},"62":{"start":{"line":270,"column":17},"end":{"line":270,"column":19}},"63":{"start":{"line":272,"column":2},"end":{"line":303,"column":3}},"64":{"start":{"line":273,"column":18},"end":{"line":273,"column":30}},"65":{"start":{"line":276,"column":4},"end":{"line":279,"column":5}},"66":{"start":{"line":277,"column":6},"end":{"line":277,"column":56}},"67":{"start":{"line":278,"column":6},"end":{"line":278,"column":15}},"68":{"start":{"line":281,"column":4},"end":{"line":281,"column":38}},"69":{"start":{"line":281,"column":29},"end":{"line":281,"column":38}},"70":{"start":{"line":284,"column":4},"end":{"line":302,"column":5}},"71":{"start":{"line":285,"column":6},"end":{"line":289,"column":7}},"72":{"start":{"line":286,"column":8},"end":{"line":286,"column":76}},"73":{"start":{"line":287,"column":13},"end":{"line":289,"column":7}},"74":{"start":{"line":288,"column":8},"end":{"line":288,"column":56}},"75":{"start":{"line":290,"column":11},"end":{"line":302,"column":5}},"76":{"start":{"line":291,"column":6},"end":{"line":293,"column":7}},"77":{"start":{"line":292,"column":8},"end":{"line":292,"column":75}},"78":{"start":{"line":294,"column":11},"end":{"line":302,"column":5}},"79":{"start":{"line":295,"column":6},"end":{"line":297,"column":7}},"80":{"start":{"line":296,"column":8},"end":{"line":296,"column":100}},"81":{"start":{"line":298,"column":11},"end":{"line":302,"column":5}},"82":{"start":{"line":299,"column":6},"end":{"line":301,"column":7}},"83":{"start":{"line":300,"column":8},"end":{"line":300,"column":76}},"84":{"start":{"line":306,"column":2},"end":{"line":311,"column":3}},"85":{"start":{"line":307,"column":21},"end":{"line":307,"column":91}},"86":{"start":{"line":308,"column":4},"end":{"line":310,"column":5}},"87":{"start":{"line":309,"column":6},"end":{"line":309,"column":103}},"88":{"start":{"line":313,"column":2},"end":{"line":315,"column":3}},"89":{"start":{"line":314,"column":4},"end":{"line":314,"column":69}},"90":{"start":{"line":330,"column":16},"end":{"line":330,"column":39}},"91":{"start":{"line":331,"column":2},"end":{"line":333,"column":3}},"92":{"start":{"line":332,"column":4},"end":{"line":332,"column":91}},"93":{"start":{"line":334,"column":16},"end":{"line":334,"column":31}},"94":{"start":{"line":335,"column":15},"end":{"line":335,"column":48}},"95":{"start":{"line":337,"column":2},"end":{"line":346,"column":3}},"96":{"start":{"line":338,"column":24},"end":{"line":338,"column":40}},"97":{"start":{"line":339,"column":4},"end":{"line":341,"column":5}},"98":{"start":{"line":340,"column":6},"end":{"line":340,"column":69}},"99":{"start":{"line":342,"column":4},"end":{"line":342,"column":33}},"100":{"start":{"line":344,"column":4},"end":{"line":344,"column":69}},"101":{"start":{"line":345,"column":4},"end":{"line":345,"column":14}},"102":{"start":{"line":354,"column":21},"end":{"line":354,"column":39}},"103":{"start":{"line":355,"column":2},"end":{"line":364,"column":3}},"104":{"start":{"line":356,"column":20},"end":{"line":356,"column":56}},"105":{"start":{"line":357,"column":19},"end":{"line":357,"column":37}},"106":{"start":{"line":358,"column":4},"end":{"line":358,"column":62}},"107":{"start":{"line":360,"column":4},"end":{"line":362,"column":5}},"108":{"start":{"line":361,"column":6},"end":{"line":361,"column":18}},"109":{"start":{"line":363,"column":4},"end":{"line":363,"column":14}},"110":{"start":{"line":379,"column":58},"end":{"line":379,"column":65}},"111":{"start":{"line":380,"column":21},"end":{"line":380,"column":39}},"112":{"start":{"line":382,"column":18},"end":{"line":382,"column":41}},"113":{"start":{"line":383,"column":46},"end":{"line":383,"column":53}},"114":{"start":{"line":386,"column":45},"end":{"line":386,"column":52}},"115":{"start":{"line":389,"column":17},"end":{"line":389,"column":47}},"116":{"start":{"line":391,"column":2},"end":{"line":391,"column":63}},"117":{"start":{"line":393,"column":2},"end":{"line":393,"column":25}},"118":{"start":{"line":396,"column":20},"end":{"line":396,"column":71}},"119":{"start":{"line":398,"column":2},"end":{"line":405,"column":3}},"120":{"start":{"line":399,"column":4},"end":{"line":404,"column":5}},"121":{"start":{"line":400,"column":6},"end":{"line":400,"column":23}},"122":{"start":{"line":402,"column":6},"end":{"line":402,"column":66}},"123":{"start":{"line":403,"column":6},"end":{"line":403,"column":16}},"124":{"start":{"line":408,"column":17},"end":{"line":412,"column":4}},"125":{"start":{"line":413,"column":17},"end":{"line":413,"column":74}},"126":{"start":{"line":415,"column":2},"end":{"line":418,"column":3}},"127":{"start":{"line":416,"column":4},"end":{"line":416,"column":111}},"128":{"start":{"line":417,"column":4},"end":{"line":417,"column":72}},"129":{"start":{"line":421,"column":18},"end":{"line":421,"column":37}},"130":{"start":{"line":422,"column":2},"end":{"line":431,"column":3}},"131":{"start":{"line":424,"column":4},"end":{"line":424,"column":64}},"132":{"start":{"line":425,"column":4},"end":{"line":425,"column":47}},"133":{"start":{"line":426,"column":4},"end":{"line":426,"column":39}},"134":{"start":{"line":429,"column":4},"end":{"line":429,"column":62}},"135":{"start":{"line":429,"column":10},"end":{"line":429,"column":33}},"136":{"start":{"line":430,"column":4},"end":{"line":430,"column":14}},"137":{"start":{"line":433,"column":2},"end":{"line":433,"column":70}},"138":{"start":{"line":449,"column":108},"end":{"line":449,"column":112}},"139":{"start":{"line":451,"column":2},"end":{"line":499,"column":3}},"140":{"start":{"line":452,"column":20},"end":{"line":457,"column":6}},"141":{"start":{"line":459,"column":4},"end":{"line":469,"column":5}},"142":{"start":{"line":460,"column":6},"end":{"line":468,"column":8}},"143":{"start":{"line":472,"column":16},"end":{"line":472,"column":26}},"144":{"start":{"line":473,"column":20},"end":{"line":473,"column":74}},"145":{"start":{"line":474,"column":25},"end":{"line":474,"column":84}},"146":{"start":{"line":475,"column":22},"end":{"line":475,"column":111}},"147":{"start":{"line":477,"column":20},"end":{"line":477,"column":55}},"148":{"start":{"line":478,"column":17},"end":{"line":478,"column":64}},"149":{"start":{"line":480,"column":17},"end":{"line":480,"column":95}},"150":{"start":{"line":482,"column":18},"end":{"line":490,"column":5}},"151":{"start":{"line":493,"column":24},"end":{"line":493,"column":68}},"152":{"start":{"line":494,"column":4},"end":{"line":494,"column":17}},"153":{"start":{"line":497,"column":4},"end":{"line":497,"column":86}},"154":{"start":{"line":498,"column":4},"end":{"line":498,"column":14}},"155":{"start":{"line":511,"column":2},"end":{"line":511,"column":30}},"156":{"start":{"line":513,"column":25},"end":{"line":513,"column":27}},"157":{"start":{"line":514,"column":2},"end":{"line":514,"column":86}},"158":{"start":{"line":514,"column":43},"end":{"line":514,"column":86}},"159":{"start":{"line":515,"column":2},"end":{"line":515,"column":92}},"160":{"start":{"line":515,"column":45},"end":{"line":515,"column":92}},"161":{"start":{"line":516,"column":2},"end":{"line":518,"column":3}},"162":{"start":{"line":517,"column":4},"end":{"line":517,"column":35}},"163":{"start":{"line":526,"column":2},"end":{"line":526,"column":29}},"164":{"start":{"line":533,"column":0},"end":{"line":557,"column":2}},"165":{"start":{"line":556,"column":21},"end":{"line":556,"column":47}}},"fnMap":{"0":{"name":"getCache","decl":{"start":{"line":66,"column":9},"end":{"line":66,"column":17}},"loc":{"start":{"line":66,"column":20},"end":{"line":100,"column":1}},"line":66},"1":{"name":"(anonymous_1)","decl":{"start":{"line":77,"column":20},"end":{"line":77,"column":21}},"loc":{"start":{"line":77,"column":44},"end":{"line":79,"column":7}},"line":77},"2":{"name":"(anonymous_2)","decl":{"start":{"line":88,"column":11},"end":{"line":88,"column":12}},"loc":{"start":{"line":88,"column":17},"end":{"line":88,"column":22}},"line":88},"3":{"name":"(anonymous_3)","decl":{"start":{"line":89,"column":11},"end":{"line":89,"column":12}},"loc":{"start":{"line":89,"column":17},"end":{"line":89,"column":21}},"line":89},"4":{"name":"(anonymous_4)","decl":{"start":{"line":90,"column":11},"end":{"line":90,"column":12}},"loc":{"start":{"line":90,"column":17},"end":{"line":90,"column":22}},"line":90},"5":{"name":"(anonymous_5)","decl":{"start":{"line":91,"column":13},"end":{"line":91,"column":14}},"loc":{"start":{"line":91,"column":19},"end":{"line":91,"column":21}},"line":91},"6":{"name":"(anonymous_6)","decl":{"start":{"line":92,"column":12},"end":{"line":92,"column":13}},"loc":{"start":{"line":92,"column":18},"end":{"line":92,"column":19}},"line":92},"7":{"name":"(anonymous_7)","decl":{"start":{"line":93,"column":12},"end":{"line":93,"column":13}},"loc":{"start":{"line":93,"column":18},"end":{"line":93,"column":20}},"line":93},"8":{"name":"configureCache","decl":{"start":{"line":107,"column":9},"end":{"line":107,"column":23}},"loc":{"start":{"line":107,"column":29},"end":{"line":135,"column":1}},"line":107},"9":{"name":"(anonymous_9)","decl":{"start":{"line":126,"column":22},"end":{"line":126,"column":23}},"loc":{"start":{"line":126,"column":46},"end":{"line":128,"column":9}},"line":126},"10":{"name":"normalizeCacheKey","decl":{"start":{"line":142,"column":9},"end":{"line":142,"column":26}},"loc":{"start":{"line":142,"column":33},"end":{"line":151,"column":1}},"line":142},"11":{"name":"truncateAnchor","decl":{"start":{"line":160,"column":9},"end":{"line":160,"column":23}},"loc":{"start":{"line":160,"column":50},"end":{"line":169,"column":1}},"line":160},"12":{"name":"isCacheValid","decl":{"start":{"line":176,"column":9},"end":{"line":176,"column":21}},"loc":{"start":{"line":176,"column":37},"end":{"line":202,"column":1}},"line":176},"13":{"name":"getCacheStats","decl":{"start":{"line":208,"column":9},"end":{"line":208,"column":22}},"loc":{"start":{"line":208,"column":25},"end":{"line":217,"column":1}},"line":208},"14":{"name":"getWorkspace","decl":{"start":{"line":227,"column":9},"end":{"line":227,"column":21}},"loc":{"start":{"line":227,"column":24},"end":{"line":229,"column":1}},"line":227},"15":{"name":"getStateFilePath","decl":{"start":{"line":235,"column":9},"end":{"line":235,"column":25}},"loc":{"start":{"line":235,"column":28},"end":{"line":237,"column":1}},"line":235},"16":{"name":"validate","decl":{"start":{"line":269,"column":9},"end":{"line":269,"column":17}},"loc":{"start":{"line":269,"column":25},"end":{"line":316,"column":1}},"line":269},"17":{"name":"parseFile","decl":{"start":{"line":328,"column":9},"end":{"line":328,"column":18}},"loc":{"start":{"line":328,"column":28},"end":{"line":347,"column":1}},"line":328},"18":{"name":"readState","decl":{"start":{"line":353,"column":15},"end":{"line":353,"column":24}},"loc":{"start":{"line":353,"column":27},"end":{"line":365,"column":1}},"line":353},"19":{"name":"writeState","decl":{"start":{"line":378,"column":15},"end":{"line":378,"column":25}},"loc":{"start":{"line":378,"column":49},"end":{"line":434,"column":1}},"line":378},"20":{"name":"discoverFromSessions","decl":{"start":{"line":448,"column":15},"end":{"line":448,"column":35}},"loc":{"start":{"line":448,"column":61},"end":{"line":500,"column":1}},"line":448},"21":{"name":"setConfig","decl":{"start":{"line":510,"column":9},"end":{"line":510,"column":18}},"loc":{"start":{"line":510,"column":27},"end":{"line":519,"column":1}},"line":510},"22":{"name":"getConfig","decl":{"start":{"line":525,"column":9},"end":{"line":525,"column":18}},"loc":{"start":{"line":525,"column":21},"end":{"line":527,"column":1}},"line":525},"23":{"name":"(anonymous_23)","decl":{"start":{"line":556,"column":2},"end":{"line":556,"column":3}},"loc":{"start":{"line":556,"column":19},"end":{"line":556,"column":49}},"line":556}},"branchMap":{"0":{"loc":{"start":{"line":67,"column":2},"end":{"line":67,"column":38}},"type":"if","locations":[{"start":{"line":67,"column":2},"end":{"line":67,"column":38}},{"start":{},"end":{}}],"line":67},"1":{"loc":{"start":{"line":70,"column":4},"end":{"line":72,"column":5}},"type":"if","locations":[{"start":{"line":70,"column":4},"end":{"line":72,"column":5}},{"start":{},"end":{}}],"line":70},"2":{"loc":{"start":{"line":110,"column":4},"end":{"line":112,"column":5}},"type":"if","locations":[{"start":{"line":110,"column":4},"end":{"line":112,"column":5}},{"start":{},"end":{}}],"line":110},"3":{"loc":{"start":{"line":116,"column":2},"end":{"line":118,"column":3}},"type":"if","locations":[{"start":{"line":116,"column":2},"end":{"line":118,"column":3}},{"start":{},"end":{}}],"line":116},"4":{"loc":{"start":{"line":121,"column":2},"end":{"line":134,"column":3}},"type":"if","locations":[{"start":{"line":121,"column":2},"end":{"line":134,"column":3}},{"start":{},"end":{}}],"line":121},"5":{"loc":{"start":{"line":121,"column":6},"end":{"line":121,"column":56}},"type":"binary-expr","locations":[{"start":{"line":121,"column":6},"end":{"line":121,"column":17}},{"start":{"line":121,"column":21},"end":{"line":121,"column":56}}],"line":121},"6":{"loc":{"start":{"line":144,"column":12},"end":{"line":144,"column":28}},"type":"binary-expr","locations":[{"start":{"line":144,"column":12},"end":{"line":144,"column":22}},{"start":{"line":144,"column":26},"end":{"line":144,"column":28}}],"line":144},"7":{"loc":{"start":{"line":145,"column":11},"end":{"line":145,"column":35}},"type":"binary-expr","locations":[{"start":{"line":145,"column":11},"end":{"line":145,"column":29}},{"start":{"line":145,"column":33},"end":{"line":145,"column":35}}],"line":145},"8":{"loc":{"start":{"line":146,"column":14},"end":{"line":146,"column":42}},"type":"binary-expr","locations":[{"start":{"line":146,"column":14},"end":{"line":146,"column":35}},{"start":{"line":146,"column":39},"end":{"line":146,"column":42}}],"line":146},"9":{"loc":{"start":{"line":147,"column":13},"end":{"line":149,"column":30}},"type":"cond-expr","locations":[{"start":{"line":148,"column":8},"end":{"line":148,"column":32}},{"start":{"line":149,"column":8},"end":{"line":149,"column":30}}],"line":147},"10":{"loc":{"start":{"line":160,"column":32},"end":{"line":160,"column":48}},"type":"default-arg","locations":[{"start":{"line":160,"column":44},"end":{"line":160,"column":48}}],"line":160},"11":{"loc":{"start":{"line":161,"column":2},"end":{"line":161,"column":25}},"type":"if","locations":[{"start":{"line":161,"column":2},"end":{"line":161,"column":25}},{"start":{},"end":{}}],"line":161},"12":{"loc":{"start":{"line":165,"column":2},"end":{"line":165,"column":47}},"type":"if","locations":[{"start":{"line":165,"column":2},"end":{"line":165,"column":47}},{"start":{},"end":{}}],"line":165},"13":{"loc":{"start":{"line":177,"column":2},"end":{"line":179,"column":3}},"type":"if","locations":[{"start":{"line":177,"column":2},"end":{"line":179,"column":3}},{"start":{},"end":{}}],"line":177},"14":{"loc":{"start":{"line":177,"column":6},"end":{"line":177,"column":53}},"type":"binary-expr","locations":[{"start":{"line":177,"column":6},"end":{"line":177,"column":20}},{"start":{"line":177,"column":24},"end":{"line":177,"column":53}}],"line":177},"15":{"loc":{"start":{"line":183,"column":4},"end":{"line":198,"column":5}},"type":"if","locations":[{"start":{"line":183,"column":4},"end":{"line":198,"column":5}},{"start":{},"end":{}}],"line":183},"16":{"loc":{"start":{"line":189,"column":8},"end":{"line":192,"column":9}},"type":"if","locations":[{"start":{"line":189,"column":8},"end":{"line":192,"column":9}},{"start":{},"end":{}}],"line":189},"17":{"loc":{"start":{"line":189,"column":12},"end":{"line":189,"column":53}},"type":"binary-expr","locations":[{"start":{"line":189,"column":12},"end":{"line":189,"column":23}},{"start":{"line":189,"column":27},"end":{"line":189,"column":53}}],"line":189},"18":{"loc":{"start":{"line":212,"column":10},"end":{"line":212,"column":77}},"type":"cond-expr","locations":[{"start":{"line":212,"column":45},"end":{"line":212,"column":57}},{"start":{"line":212,"column":61},"end":{"line":212,"column":76}}],"line":212},"19":{"loc":{"start":{"line":212,"column":61},"end":{"line":212,"column":76}},"type":"binary-expr","locations":[{"start":{"line":212,"column":61},"end":{"line":212,"column":71}},{"start":{"line":212,"column":75},"end":{"line":212,"column":76}}],"line":212},"20":{"loc":{"start":{"line":215,"column":10},"end":{"line":215,"column":65}},"type":"cond-expr","locations":[{"start":{"line":215,"column":23},"end":{"line":215,"column":60}},{"start":{"line":215,"column":63},"end":{"line":215,"column":65}}],"line":215},"21":{"loc":{"start":{"line":228,"column":9},"end":{"line":228,"column":56}},"type":"binary-expr","locations":[{"start":{"line":228,"column":9},"end":{"line":228,"column":39}},{"start":{"line":228,"column":43},"end":{"line":228,"column":56}}],"line":228},"22":{"loc":{"start":{"line":276,"column":4},"end":{"line":279,"column":5}},"type":"if","locations":[{"start":{"line":276,"column":4},"end":{"line":279,"column":5}},{"start":{},"end":{}}],"line":276},"23":{"loc":{"start":{"line":276,"column":8},"end":{"line":276,"column":45}},"type":"binary-expr","locations":[{"start":{"line":276,"column":8},"end":{"line":276,"column":22}},{"start":{"line":276,"column":26},"end":{"line":276,"column":45}}],"line":276},"24":{"loc":{"start":{"line":281,"column":4},"end":{"line":281,"column":38}},"type":"if","locations":[{"start":{"line":281,"column":4},"end":{"line":281,"column":38}},{"start":{},"end":{}}],"line":281},"25":{"loc":{"start":{"line":284,"column":4},"end":{"line":302,"column":5}},"type":"if","locations":[{"start":{"line":284,"column":4},"end":{"line":302,"column":5}},{"start":{"line":290,"column":11},"end":{"line":302,"column":5}}],"line":284},"26":{"loc":{"start":{"line":285,"column":6},"end":{"line":289,"column":7}},"type":"if","locations":[{"start":{"line":285,"column":6},"end":{"line":289,"column":7}},{"start":{"line":287,"column":13},"end":{"line":289,"column":7}}],"line":285},"27":{"loc":{"start":{"line":287,"column":13},"end":{"line":289,"column":7}},"type":"if","locations":[{"start":{"line":287,"column":13},"end":{"line":289,"column":7}},{"start":{},"end":{}}],"line":287},"28":{"loc":{"start":{"line":290,"column":11},"end":{"line":302,"column":5}},"type":"if","locations":[{"start":{"line":290,"column":11},"end":{"line":302,"column":5}},{"start":{"line":294,"column":11},"end":{"line":302,"column":5}}],"line":290},"29":{"loc":{"start":{"line":291,"column":6},"end":{"line":293,"column":7}},"type":"if","locations":[{"start":{"line":291,"column":6},"end":{"line":293,"column":7}},{"start":{},"end":{}}],"line":291},"30":{"loc":{"start":{"line":294,"column":11},"end":{"line":302,"column":5}},"type":"if","locations":[{"start":{"line":294,"column":11},"end":{"line":302,"column":5}},{"start":{"line":298,"column":11},"end":{"line":302,"column":5}}],"line":294},"31":{"loc":{"start":{"line":295,"column":6},"end":{"line":297,"column":7}},"type":"if","locations":[{"start":{"line":295,"column":6},"end":{"line":297,"column":7}},{"start":{},"end":{}}],"line":295},"32":{"loc":{"start":{"line":298,"column":11},"end":{"line":302,"column":5}},"type":"if","locations":[{"start":{"line":298,"column":11},"end":{"line":302,"column":5}},{"start":{},"end":{}}],"line":298},"33":{"loc":{"start":{"line":299,"column":6},"end":{"line":301,"column":7}},"type":"if","locations":[{"start":{"line":299,"column":6},"end":{"line":301,"column":7}},{"start":{},"end":{}}],"line":299},"34":{"loc":{"start":{"line":299,"column":10},"end":{"line":299,"column":77}},"type":"binary-expr","locations":[{"start":{"line":299,"column":10},"end":{"line":299,"column":35}},{"start":{"line":299,"column":39},"end":{"line":299,"column":53}},{"start":{"line":299,"column":57},"end":{"line":299,"column":77}}],"line":299},"35":{"loc":{"start":{"line":306,"column":2},"end":{"line":311,"column":3}},"type":"if","locations":[{"start":{"line":306,"column":2},"end":{"line":311,"column":3}},{"start":{},"end":{}}],"line":306},"36":{"loc":{"start":{"line":306,"column":6},"end":{"line":306,"column":56}},"type":"binary-expr","locations":[{"start":{"line":306,"column":6},"end":{"line":306,"column":19}},{"start":{"line":306,"column":23},"end":{"line":306,"column":56}}],"line":306},"37":{"loc":{"start":{"line":308,"column":4},"end":{"line":310,"column":5}},"type":"if","locations":[{"start":{"line":308,"column":4},"end":{"line":310,"column":5}},{"start":{},"end":{}}],"line":308},"38":{"loc":{"start":{"line":313,"column":2},"end":{"line":315,"column":3}},"type":"if","locations":[{"start":{"line":313,"column":2},"end":{"line":315,"column":3}},{"start":{},"end":{}}],"line":313},"39":{"loc":{"start":{"line":331,"column":2},"end":{"line":333,"column":3}},"type":"if","locations":[{"start":{"line":331,"column":2},"end":{"line":333,"column":3}},{"start":{},"end":{}}],"line":331},"40":{"loc":{"start":{"line":339,"column":4},"end":{"line":341,"column":5}},"type":"if","locations":[{"start":{"line":339,"column":4},"end":{"line":341,"column":5}},{"start":{},"end":{}}],"line":339},"41":{"loc":{"start":{"line":339,"column":8},"end":{"line":339,"column":55}},"type":"binary-expr","locations":[{"start":{"line":339,"column":8},"end":{"line":339,"column":20}},{"start":{"line":339,"column":24},"end":{"line":339,"column":55}}],"line":339},"42":{"loc":{"start":{"line":358,"column":42},"end":{"line":358,"column":59}},"type":"binary-expr","locations":[{"start":{"line":358,"column":42},"end":{"line":358,"column":53}},{"start":{"line":358,"column":57},"end":{"line":358,"column":59}}],"line":358},"43":{"loc":{"start":{"line":360,"column":4},"end":{"line":362,"column":5}},"type":"if","locations":[{"start":{"line":360,"column":4},"end":{"line":362,"column":5}},{"start":{},"end":{}}],"line":360},"44":{"loc":{"start":{"line":378,"column":35},"end":{"line":378,"column":47}},"type":"default-arg","locations":[{"start":{"line":378,"column":45},"end":{"line":378,"column":47}}],"line":378},"45":{"loc":{"start":{"line":379,"column":20},"end":{"line":379,"column":37}},"type":"default-arg","locations":[{"start":{"line":379,"column":33},"end":{"line":379,"column":37}}],"line":379},"46":{"loc":{"start":{"line":379,"column":39},"end":{"line":379,"column":53}},"type":"default-arg","locations":[{"start":{"line":379,"column":48},"end":{"line":379,"column":53}}],"line":379},"47":{"loc":{"start":{"line":382,"column":18},"end":{"line":382,"column":41}},"type":"binary-expr","locations":[{"start":{"line":382,"column":18},"end":{"line":382,"column":35}},{"start":{"line":382,"column":39},"end":{"line":382,"column":41}}],"line":382},"48":{"loc":{"start":{"line":391,"column":19},"end":{"line":391,"column":62}},"type":"binary-expr","locations":[{"start":{"line":391,"column":19},"end":{"line":391,"column":34}},{"start":{"line":391,"column":38},"end":{"line":391,"column":62}}],"line":391},"49":{"loc":{"start":{"line":396,"column":20},"end":{"line":396,"column":71}},"type":"cond-expr","locations":[{"start":{"line":396,"column":47},"end":{"line":396,"column":57}},{"start":{"line":396,"column":60},"end":{"line":396,"column":71}}],"line":396},"50":{"loc":{"start":{"line":398,"column":2},"end":{"line":405,"column":3}},"type":"if","locations":[{"start":{"line":398,"column":2},"end":{"line":405,"column":3}},{"start":{},"end":{}}],"line":398},"51":{"loc":{"start":{"line":413,"column":39},"end":{"line":413,"column":72}},"type":"cond-expr","locations":[{"start":{"line":413,"column":51},"end":{"line":413,"column":67}},{"start":{"line":413,"column":70},"end":{"line":413,"column":72}}],"line":413},"52":{"loc":{"start":{"line":415,"column":2},"end":{"line":418,"column":3}},"type":"if","locations":[{"start":{"line":415,"column":2},"end":{"line":418,"column":3}},{"start":{},"end":{}}],"line":415},"53":{"loc":{"start":{"line":448,"column":50},"end":{"line":448,"column":59}},"type":"default-arg","locations":[{"start":{"line":448,"column":57},"end":{"line":448,"column":59}}],"line":448},"54":{"loc":{"start":{"line":449,"column":10},"end":{"line":449,"column":20}},"type":"default-arg","locations":[{"start":{"line":449,"column":18},"end":{"line":449,"column":20}}],"line":449},"55":{"loc":{"start":{"line":449,"column":22},"end":{"line":449,"column":36}},"type":"default-arg","locations":[{"start":{"line":449,"column":33},"end":{"line":449,"column":36}}],"line":449},"56":{"loc":{"start":{"line":449,"column":38},"end":{"line":449,"column":103}},"type":"default-arg","locations":[{"start":{"line":449,"column":46},"end":{"line":449,"column":103}}],"line":449},"57":{"loc":{"start":{"line":459,"column":4},"end":{"line":469,"column":5}},"type":"if","locations":[{"start":{"line":459,"column":4},"end":{"line":469,"column":5}},{"start":{},"end":{}}],"line":459},"58":{"loc":{"start":{"line":459,"column":8},"end":{"line":459,"column":40}},"type":"binary-expr","locations":[{"start":{"line":459,"column":8},"end":{"line":459,"column":16}},{"start":{"line":459,"column":20},"end":{"line":459,"column":40}}],"line":459},"59":{"loc":{"start":{"line":473,"column":21},"end":{"line":473,"column":35}},"type":"binary-expr","locations":[{"start":{"line":473,"column":21},"end":{"line":473,"column":29}},{"start":{"line":473,"column":33},"end":{"line":473,"column":35}}],"line":473},"60":{"loc":{"start":{"line":477,"column":20},"end":{"line":477,"column":55}},"type":"cond-expr","locations":[{"start":{"line":477,"column":35},"end":{"line":477,"column":50}},{"start":{"line":477,"column":53},"end":{"line":477,"column":55}}],"line":477},"61":{"loc":{"start":{"line":478,"column":17},"end":{"line":478,"column":64}},"type":"cond-expr","locations":[{"start":{"line":478,"column":29},"end":{"line":478,"column":41}},{"start":{"line":478,"column":44},"end":{"line":478,"column":64}}],"line":478},"62":{"loc":{"start":{"line":483,"column":15},"end":{"line":483,"column":28}},"type":"binary-expr","locations":[{"start":{"line":483,"column":15},"end":{"line":483,"column":22}},{"start":{"line":483,"column":26},"end":{"line":483,"column":28}}],"line":483},"63":{"loc":{"start":{"line":484,"column":12},"end":{"line":484,"column":57}},"type":"binary-expr","locations":[{"start":{"line":484,"column":12},"end":{"line":484,"column":16}},{"start":{"line":484,"column":20},"end":{"line":484,"column":57}}],"line":484},"64":{"loc":{"start":{"line":511,"column":17},"end":{"line":511,"column":29}},"type":"binary-expr","locations":[{"start":{"line":511,"column":17},"end":{"line":511,"column":23}},{"start":{"line":511,"column":27},"end":{"line":511,"column":29}}],"line":511},"65":{"loc":{"start":{"line":514,"column":2},"end":{"line":514,"column":86}},"type":"if","locations":[{"start":{"line":514,"column":2},"end":{"line":514,"column":86}},{"start":{},"end":{}}],"line":514},"66":{"loc":{"start":{"line":515,"column":2},"end":{"line":515,"column":92}},"type":"if","locations":[{"start":{"line":515,"column":2},"end":{"line":515,"column":92}},{"start":{},"end":{}}],"line":515},"67":{"loc":{"start":{"line":516,"column":2},"end":{"line":518,"column":3}},"type":"if","locations":[{"start":{"line":516,"column":2},"end":{"line":518,"column":3}},{"start":{},"end":{}}],"line":516}},"s":{"0":3,"1":3,"2":3,"3":3,"4":3,"5":0,"6":0,"7":3,"8":3,"9":3,"10":79,"11":76,"12":3,"13":3,"14":0,"15":3,"16":2002,"17":0,"18":0,"19":0,"20":0,"21":0,"22":0,"23":0,"24":0,"25":3,"26":71,"27":138,"28":137,"29":71,"30":1,"31":71,"32":10,"33":10,"34":1,"35":10,"36":0,"37":0,"38":59,"39":1,"40":58,"41":58,"42":57,"43":1,"44":7,"45":3,"46":4,"47":4,"48":3,"49":3,"50":2,"51":2,"52":1,"53":1,"54":1,"55":1,"56":2,"57":9,"58":9,"59":351,"60":351,"61":3,"62":122,"63":122,"64":1464,"65":1464,"66":11,"67":11,"68":1453,"69":610,"70":843,"71":604,"72":0,"73":604,"74":0,"75":239,"76":120,"77":2,"78":119,"79":119,"80":2,"81":0,"82":0,"83":0,"84":122,"85":121,"86":121,"87":1,"88":122,"89":8,"90":220,"91":220,"92":2,"93":218,"94":218,"95":218,"96":218,"97":216,"98":0,"99":216,"100":2,"101":2,"102":231,"103":231,"104":231,"105":215,"106":213,"107":18,"108":16,"109":2,"110":119,"111":119,"112":119,"113":119,"114":119,"115":119,"116":119,"117":119,"118":119,"119":119,"120":116,"121":116,"122":4,"123":4,"124":115,"125":115,"126":115,"127":1,"128":1,"129":114,"130":114,"131":114,"132":114,"133":112,"134":2,"135":2,"136":2,"137":112,"138":5,"139":5,"140":5,"141":4,"142":1,"143":3,"144":3,"145":3,"146":3,"147":3,"148":3,"149":3,"150":3,"151":3,"152":3,"153":1,"154":1,"155":64,"156":64,"157":64,"158":2,"159":64,"160":2,"161":64,"162":2,"163":1,"164":3,"165":0},"f":{"0":79,"1":2002,"2":0,"3":0,"4":0,"5":0,"6":0,"7":0,"8":71,"9":1,"10":0,"11":59,"12":7,"13":9,"14":351,"15":351,"16":122,"17":220,"18":231,"19":119,"20":5,"21":64,"22":1,"23":0},"b":{"0":[76,3],"1":[0,3],"2":[137,1],"3":[1,70],"4":[10,61],"5":[71,68],"6":[0,0],"7":[0,0],"8":[0,0],"9":[0,0],"10":[0],"11":[1,58],"12":[57,1],"13":[3,4],"14":[7,5],"15":[3,1],"16":[1,1],"17":[2,2],"18":[0,9],"19":[9,8],"20":[9,0],"21":[351,0],"22":[11,1453],"23":[1464,732],"24":[610,843],"25":[604,239],"26":[0,604],"27":[0,604],"28":[120,119],"29":[2,118],"30":[119,0],"31":[2,117],"32":[0,0],"33":[0,0],"34":[0,0,0],"35":[121,1],"36":[122,121],"37":[1,120],"38":[8,114],"39":[2,218],"40":[0,216],"41":[216,216],"42":[213,204],"43":[16,2],"44":[115],"45":[116],"46":[118],"47":[119,15],"48":[119,116],"49":[7,112],"50":[116,3],"51":[8,107],"52":[1,114],"53":[3],"54":[3],"55":[4],"56":[4],"57":[1,3],"58":[4,4],"59":[3,3],"60":[0,3],"61":[0,3],"62":[3,3],"63":[3,3],"64":[64,0],"65":[2,62],"66":[2,62],"67":[2,62]},"inputSourceMap":null,"_coverageSchema":"1a1c01bbd47fc00a2c39e90264f33305004495a9","hash":"6e63c5e04fbe758e649a5f9252ddf3ae2dbf03bc"}
,"/home/q/.openclaw/workspace/plugins/context-persistence/tools/index.js": {"path":"/home/q/.openclaw/workspace/plugins/context-persistence/tools/index.js","statementMap":{"0":{"start":{"line":1,"column":14},"end":{"line":1,"column":37}},"1":{"start":{"line":2,"column":11},"end":{"line":2,"column":24}},"2":{"start":{"line":28,"column":16},"end":{"line":134,"column":1}},"3":{"start":{"line":147,"column":19},"end":{"line":147,"column":42}},"4":{"start":{"line":148,"column":2},"end":{"line":150,"column":3}},"5":{"start":{"line":149,"column":4},"end":{"line":149,"column":118}},"6":{"start":{"line":151,"column":2},"end":{"line":151,"column":18}},"7":{"start":{"line":164,"column":2},"end":{"line":166,"column":3}},"8":{"start":{"line":165,"column":4},"end":{"line":165,"column":87}},"9":{"start":{"line":169,"column":2},"end":{"line":171,"column":3}},"10":{"start":{"line":170,"column":4},"end":{"line":170,"column":65}},"11":{"start":{"line":173,"column":17},"end":{"line":173,"column":65}},"12":{"start":{"line":174,"column":2},"end":{"line":179,"column":4}},"13":{"start":{"line":192,"column":23},"end":{"line":192,"column":47}},"14":{"start":{"line":193,"column":2},"end":{"line":195,"column":3}},"15":{"start":{"line":194,"column":4},"end":{"line":194,"column":104}},"16":{"start":{"line":197,"column":16},"end":{"line":197,"column":33}},"17":{"start":{"line":198,"column":19},"end":{"line":198,"column":40}},"18":{"start":{"line":199,"column":16},"end":{"line":199,"column":88}},"19":{"start":{"line":201,"column":2},"end":{"line":218,"column":3}},"20":{"start":{"line":202,"column":21},"end":{"line":202,"column":95}},"21":{"start":{"line":204,"column":24},"end":{"line":204,"column":77}},"22":{"start":{"line":205,"column":4},"end":{"line":215,"column":6}},"23":{"start":{"line":217,"column":4},"end":{"line":217,"column":75}},"24":{"start":{"line":231,"column":2},"end":{"line":233,"column":3}},"25":{"start":{"line":232,"column":4},"end":{"line":232,"column":72}},"26":{"start":{"line":235,"column":16},"end":{"line":235,"column":32}},"27":{"start":{"line":237,"column":2},"end":{"line":244,"column":3}},"28":{"start":{"line":238,"column":17},"end":{"line":238,"column":41}},"29":{"start":{"line":239,"column":4},"end":{"line":241,"column":5}},"30":{"start":{"line":240,"column":6},"end":{"line":240,"column":69}},"31":{"start":{"line":242,"column":20},"end":{"line":242,"column":41}},"32":{"start":{"line":243,"column":4},"end":{"line":243,"column":25}},"33":{"start":{"line":246,"column":14},"end":{"line":246,"column":59}},"34":{"start":{"line":249,"column":17},"end":{"line":249,"column":31}},"35":{"start":{"line":251,"column":2},"end":{"line":263,"column":3}},"36":{"start":{"line":253,"column":18},"end":{"line":253,"column":52}},"37":{"start":{"line":255,"column":4},"end":{"line":258,"column":5}},"38":{"start":{"line":256,"column":6},"end":{"line":256,"column":131}},"39":{"start":{"line":256,"column":26},"end":{"line":256,"column":131}},"40":{"start":{"line":257,"column":6},"end":{"line":257,"column":28}},"41":{"start":{"line":261,"column":4},"end":{"line":261,"column":103}},"42":{"start":{"line":261,"column":24},"end":{"line":261,"column":103}},"43":{"start":{"line":262,"column":4},"end":{"line":262,"column":22}},"44":{"start":{"line":266,"column":15},"end":{"line":266,"column":39}},"45":{"start":{"line":267,"column":2},"end":{"line":269,"column":3}},"46":{"start":{"line":268,"column":4},"end":{"line":268,"column":67}},"47":{"start":{"line":271,"column":2},"end":{"line":271,"column":103}},"48":{"start":{"line":272,"column":18},"end":{"line":272,"column":39}},"49":{"start":{"line":275,"column":2},"end":{"line":277,"column":3}},"50":{"start":{"line":276,"column":4},"end":{"line":276,"column":14}},"51":{"start":{"line":280,"column":26},"end":{"line":291,"column":5}},"52":{"start":{"line":280,"column":49},"end":{"line":291,"column":3}},"53":{"start":{"line":284,"column":10},"end":{"line":288,"column":11}},"54":{"start":{"line":285,"column":12},"end":{"line":285,"column":52}},"55":{"start":{"line":287,"column":12},"end":{"line":287,"column":29}},"56":{"start":{"line":294,"column":21},"end":{"line":299,"column":3}},"57":{"start":{"line":297,"column":42},"end":{"line":297,"column":48}},"58":{"start":{"line":301,"column":2},"end":{"line":301,"column":29}},"59":{"start":{"line":302,"column":2},"end":{"line":302,"column":57}},"60":{"start":{"line":304,"column":2},"end":{"line":304,"column":25}},"61":{"start":{"line":317,"column":23},"end":{"line":317,"column":46}},"62":{"start":{"line":318,"column":2},"end":{"line":320,"column":3}},"63":{"start":{"line":319,"column":4},"end":{"line":319,"column":155}},"64":{"start":{"line":323,"column":16},"end":{"line":323,"column":72}},"65":{"start":{"line":324,"column":21},"end":{"line":328,"column":3}},"66":{"start":{"line":330,"column":25},"end":{"line":330,"column":68}},"67":{"start":{"line":331,"column":19},"end":{"line":333,"column":53}},"68":{"start":{"line":333,"column":14},"end":{"line":333,"column":52}},"69":{"start":{"line":336,"column":17},"end":{"line":349,"column":8}},"70":{"start":{"line":343,"column":43},"end":{"line":343,"column":59}},"71":{"start":{"line":352,"column":18},"end":{"line":355,"column":24}},"72":{"start":{"line":357,"column":2},"end":{"line":359,"column":3}},"73":{"start":{"line":358,"column":4},"end":{"line":358,"column":120}},"74":{"start":{"line":362,"column":25},"end":{"line":362,"column":42}},"75":{"start":{"line":363,"column":25},"end":{"line":365,"column":3}},"76":{"start":{"line":364,"column":4},"end":{"line":364,"column":81}},"77":{"start":{"line":364,"column":21},"end":{"line":364,"column":73}},"78":{"start":{"line":367,"column":21},"end":{"line":371,"column":9}},"79":{"start":{"line":373,"column":19},"end":{"line":373,"column":67}},"80":{"start":{"line":377,"column":2},"end":{"line":389,"column":3}},"81":{"start":{"line":378,"column":4},"end":{"line":378,"column":22}},"82":{"start":{"line":379,"column":9},"end":{"line":389,"column":3}},"83":{"start":{"line":380,"column":4},"end":{"line":380,"column":27}},"84":{"start":{"line":381,"column":9},"end":{"line":389,"column":3}},"85":{"start":{"line":382,"column":4},"end":{"line":382,"column":30}},"86":{"start":{"line":383,"column":9},"end":{"line":389,"column":3}},"87":{"start":{"line":384,"column":4},"end":{"line":384,"column":38}},"88":{"start":{"line":385,"column":9},"end":{"line":389,"column":3}},"89":{"start":{"line":386,"column":4},"end":{"line":386,"column":49}},"90":{"start":{"line":388,"column":4},"end":{"line":388,"column":30}},"91":{"start":{"line":392,"column":2},"end":{"line":394,"column":3}},"92":{"start":{"line":393,"column":4},"end":{"line":393,"column":104}},"93":{"start":{"line":397,"column":25},"end":{"line":397,"column":95}},"94":{"start":{"line":398,"column":2},"end":{"line":400,"column":3}},"95":{"start":{"line":398,"column":36},"end":{"line":398,"column":59}},"96":{"start":{"line":399,"column":4},"end":{"line":399,"column":111}},"97":{"start":{"line":403,"column":2},"end":{"line":411,"column":3}},"98":{"start":{"line":404,"column":4},"end":{"line":410,"column":5}},"99":{"start":{"line":405,"column":6},"end":{"line":407,"column":30}},"100":{"start":{"line":409,"column":6},"end":{"line":409,"column":112}},"101":{"start":{"line":413,"column":2},"end":{"line":417,"column":4}},"102":{"start":{"line":429,"column":27},"end":{"line":429,"column":37}},"103":{"start":{"line":431,"column":2},"end":{"line":433,"column":3}},"104":{"start":{"line":432,"column":4},"end":{"line":432,"column":86}},"105":{"start":{"line":435,"column":2},"end":{"line":437,"column":3}},"106":{"start":{"line":436,"column":4},"end":{"line":436,"column":30}},"107":{"start":{"line":439,"column":18},"end":{"line":439,"column":20}},"108":{"start":{"line":441,"column":2},"end":{"line":458,"column":3}},"109":{"start":{"line":442,"column":4},"end":{"line":457,"column":5}},"110":{"start":{"line":444,"column":6},"end":{"line":448,"column":9}},"111":{"start":{"line":450,"column":6},"end":{"line":450,"column":40}},"112":{"start":{"line":452,"column":6},"end":{"line":456,"column":9}},"113":{"start":{"line":460,"column":23},"end":{"line":460,"column":55}},"114":{"start":{"line":460,"column":43},"end":{"line":460,"column":47}},"115":{"start":{"line":461,"column":2},"end":{"line":461,"column":125}},"116":{"start":{"line":461,"column":22},"end":{"line":461,"column":125}},"117":{"start":{"line":463,"column":2},"end":{"line":463,"column":33}},"118":{"start":{"line":471,"column":2},"end":{"line":471,"column":31}},"119":{"start":{"line":478,"column":0},"end":{"line":492,"column":2}}},"fnMap":{"0":{"name":"context_persistence_read","decl":{"start":{"line":146,"column":15},"end":{"line":146,"column":39}},"loc":{"start":{"line":146,"column":51},"end":{"line":152,"column":1}},"line":146},"1":{"name":"context_persistence_write","decl":{"start":{"line":163,"column":15},"end":{"line":163,"column":40}},"loc":{"start":{"line":163,"column":52},"end":{"line":180,"column":1}},"line":163},"2":{"name":"context_persistence_discover","decl":{"start":{"line":191,"column":15},"end":{"line":191,"column":43}},"loc":{"start":{"line":191,"column":55},"end":{"line":219,"column":1}},"line":191},"3":{"name":"cached_memory_search","decl":{"start":{"line":229,"column":15},"end":{"line":229,"column":35}},"loc":{"start":{"line":229,"column":47},"end":{"line":305,"column":1}},"line":229},"4":{"name":"(anonymous_4)","decl":{"start":{"line":280,"column":38},"end":{"line":280,"column":39}},"loc":{"start":{"line":280,"column":49},"end":{"line":291,"column":3}},"line":280},"5":{"name":"(anonymous_5)","decl":{"start":{"line":283,"column":9},"end":{"line":283,"column":10}},"loc":{"start":{"line":283,"column":15},"end":{"line":289,"column":9}},"line":283},"6":{"name":"(anonymous_6)","decl":{"start":{"line":297,"column":37},"end":{"line":297,"column":38}},"loc":{"start":{"line":297,"column":42},"end":{"line":297,"column":48}},"line":297},"7":{"name":"context_persistence_summarize","decl":{"start":{"line":315,"column":15},"end":{"line":315,"column":44}},"loc":{"start":{"line":315,"column":61},"end":{"line":418,"column":1}},"line":315},"8":{"name":"(anonymous_8)","decl":{"start":{"line":333,"column":9},"end":{"line":333,"column":10}},"loc":{"start":{"line":333,"column":14},"end":{"line":333,"column":52}},"line":333},"9":{"name":"(anonymous_9)","decl":{"start":{"line":343,"column":33},"end":{"line":343,"column":34}},"loc":{"start":{"line":343,"column":43},"end":{"line":343,"column":59}},"line":343},"10":{"name":"(anonymous_10)","decl":{"start":{"line":363,"column":37},"end":{"line":363,"column":38}},"loc":{"start":{"line":364,"column":4},"end":{"line":364,"column":81}},"line":364},"11":{"name":"(anonymous_11)","decl":{"start":{"line":364,"column":15},"end":{"line":364,"column":16}},"loc":{"start":{"line":364,"column":21},"end":{"line":364,"column":73}},"line":364},"12":{"name":"(anonymous_12)","decl":{"start":{"line":398,"column":26},"end":{"line":398,"column":27}},"loc":{"start":{"line":398,"column":36},"end":{"line":398,"column":59}},"line":398},"13":{"name":"context_persistence_prefetch","decl":{"start":{"line":428,"column":15},"end":{"line":428,"column":43}},"loc":{"start":{"line":428,"column":55},"end":{"line":464,"column":1}},"line":428},"14":{"name":"(anonymous_14)","decl":{"start":{"line":460,"column":38},"end":{"line":460,"column":39}},"loc":{"start":{"line":460,"column":43},"end":{"line":460,"column":47}},"line":460},"15":{"name":"_cacheStats","decl":{"start":{"line":470,"column":9},"end":{"line":470,"column":20}},"loc":{"start":{"line":470,"column":23},"end":{"line":472,"column":1}},"line":470}},"branchMap":{"0":{"loc":{"start":{"line":148,"column":2},"end":{"line":150,"column":3}},"type":"if","locations":[{"start":{"line":148,"column":2},"end":{"line":150,"column":3}},{"start":{},"end":{}}],"line":148},"1":{"loc":{"start":{"line":164,"column":2},"end":{"line":166,"column":3}},"type":"if","locations":[{"start":{"line":164,"column":2},"end":{"line":166,"column":3}},{"start":{},"end":{}}],"line":164},"2":{"loc":{"start":{"line":164,"column":6},"end":{"line":164,"column":73}},"type":"binary-expr","locations":[{"start":{"line":164,"column":6},"end":{"line":164,"column":11}},{"start":{"line":164,"column":15},"end":{"line":164,"column":39}},{"start":{"line":164,"column":43},"end":{"line":164,"column":73}}],"line":164},"3":{"loc":{"start":{"line":169,"column":2},"end":{"line":171,"column":3}},"type":"if","locations":[{"start":{"line":169,"column":2},"end":{"line":171,"column":3}},{"start":{},"end":{}}],"line":169},"4":{"loc":{"start":{"line":169,"column":6},"end":{"line":169,"column":62}},"type":"binary-expr","locations":[{"start":{"line":169,"column":6},"end":{"line":169,"column":29}},{"start":{"line":169,"column":33},"end":{"line":169,"column":62}}],"line":169},"5":{"loc":{"start":{"line":193,"column":2},"end":{"line":195,"column":3}},"type":"if","locations":[{"start":{"line":193,"column":2},"end":{"line":195,"column":3}},{"start":{},"end":{}}],"line":193},"6":{"loc":{"start":{"line":197,"column":16},"end":{"line":197,"column":33}},"type":"binary-expr","locations":[{"start":{"line":197,"column":16},"end":{"line":197,"column":27}},{"start":{"line":197,"column":31},"end":{"line":197,"column":33}}],"line":197},"7":{"loc":{"start":{"line":198,"column":19},"end":{"line":198,"column":40}},"type":"binary-expr","locations":[{"start":{"line":198,"column":19},"end":{"line":198,"column":33}},{"start":{"line":198,"column":37},"end":{"line":198,"column":40}}],"line":198},"8":{"loc":{"start":{"line":199,"column":16},"end":{"line":199,"column":88}},"type":"binary-expr","locations":[{"start":{"line":199,"column":16},"end":{"line":199,"column":27}},{"start":{"line":199,"column":31},"end":{"line":199,"column":88}}],"line":199},"9":{"loc":{"start":{"line":231,"column":2},"end":{"line":233,"column":3}},"type":"if","locations":[{"start":{"line":231,"column":2},"end":{"line":233,"column":3}},{"start":{},"end":{}}],"line":231},"10":{"loc":{"start":{"line":231,"column":6},"end":{"line":231,"column":26}},"type":"binary-expr","locations":[{"start":{"line":231,"column":6},"end":{"line":231,"column":11}},{"start":{"line":231,"column":15},"end":{"line":231,"column":26}}],"line":231},"11":{"loc":{"start":{"line":237,"column":2},"end":{"line":244,"column":3}},"type":"if","locations":[{"start":{"line":237,"column":2},"end":{"line":244,"column":3}},{"start":{},"end":{}}],"line":237},"12":{"loc":{"start":{"line":239,"column":4},"end":{"line":241,"column":5}},"type":"if","locations":[{"start":{"line":239,"column":4},"end":{"line":241,"column":5}},{"start":{},"end":{}}],"line":239},"13":{"loc":{"start":{"line":243,"column":11},"end":{"line":243,"column":24}},"type":"binary-expr","locations":[{"start":{"line":243,"column":11},"end":{"line":243,"column":18}},{"start":{"line":243,"column":22},"end":{"line":243,"column":24}}],"line":243},"14":{"loc":{"start":{"line":251,"column":2},"end":{"line":263,"column":3}},"type":"if","locations":[{"start":{"line":251,"column":2},"end":{"line":263,"column":3}},{"start":{},"end":{}}],"line":251},"15":{"loc":{"start":{"line":255,"column":4},"end":{"line":258,"column":5}},"type":"if","locations":[{"start":{"line":255,"column":4},"end":{"line":258,"column":5}},{"start":{},"end":{}}],"line":255},"16":{"loc":{"start":{"line":256,"column":6},"end":{"line":256,"column":131}},"type":"if","locations":[{"start":{"line":256,"column":6},"end":{"line":256,"column":131}},{"start":{},"end":{}}],"line":256},"17":{"loc":{"start":{"line":261,"column":4},"end":{"line":261,"column":103}},"type":"if","locations":[{"start":{"line":261,"column":4},"end":{"line":261,"column":103}},{"start":{},"end":{}}],"line":261},"18":{"loc":{"start":{"line":267,"column":2},"end":{"line":269,"column":3}},"type":"if","locations":[{"start":{"line":267,"column":2},"end":{"line":269,"column":3}},{"start":{},"end":{}}],"line":267},"19":{"loc":{"start":{"line":275,"column":2},"end":{"line":277,"column":3}},"type":"if","locations":[{"start":{"line":275,"column":2},"end":{"line":277,"column":3}},{"start":{},"end":{}}],"line":275},"20":{"loc":{"start":{"line":282,"column":18},"end":{"line":290,"column":17}},"type":"cond-expr","locations":[{"start":{"line":283,"column":8},"end":{"line":289,"column":12}},{"start":{"line":290,"column":8},"end":{"line":290,"column":17}}],"line":282},"21":{"loc":{"start":{"line":315,"column":50},"end":{"line":315,"column":59}},"type":"default-arg","locations":[{"start":{"line":315,"column":57},"end":{"line":315,"column":59}}],"line":315},"22":{"loc":{"start":{"line":318,"column":2},"end":{"line":320,"column":3}},"type":"if","locations":[{"start":{"line":318,"column":2},"end":{"line":320,"column":3}},{"start":{},"end":{}}],"line":318},"23":{"loc":{"start":{"line":323,"column":16},"end":{"line":323,"column":72}},"type":"binary-expr","locations":[{"start":{"line":323,"column":16},"end":{"line":323,"column":26}},{"start":{"line":323,"column":30},"end":{"line":323,"column":47}},{"start":{"line":323,"column":51},"end":{"line":323,"column":72}}],"line":323},"24":{"loc":{"start":{"line":333,"column":14},"end":{"line":333,"column":52}},"type":"binary-expr","locations":[{"start":{"line":333,"column":14},"end":{"line":333,"column":23}},{"start":{"line":333,"column":27},"end":{"line":333,"column":36}},{"start":{"line":333,"column":40},"end":{"line":333,"column":46}},{"start":{"line":333,"column":50},"end":{"line":333,"column":52}}],"line":333},"25":{"loc":{"start":{"line":338,"column":11},"end":{"line":338,"column":44}},"type":"binary-expr","locations":[{"start":{"line":338,"column":11},"end":{"line":338,"column":31}},{"start":{"line":338,"column":35},"end":{"line":338,"column":44}}],"line":338},"26":{"loc":{"start":{"line":339,"column":8},"end":{"line":339,"column":38}},"type":"binary-expr","locations":[{"start":{"line":339,"column":8},"end":{"line":339,"column":25}},{"start":{"line":339,"column":29},"end":{"line":339,"column":38}}],"line":339},"27":{"loc":{"start":{"line":340,"column":10},"end":{"line":340,"column":41}},"type":"binary-expr","locations":[{"start":{"line":340,"column":10},"end":{"line":340,"column":29}},{"start":{"line":340,"column":33},"end":{"line":340,"column":41}}],"line":340},"28":{"loc":{"start":{"line":343,"column":2},"end":{"line":343,"column":82}},"type":"cond-expr","locations":[{"start":{"line":343,"column":20},"end":{"line":343,"column":71}},{"start":{"line":343,"column":74},"end":{"line":343,"column":82}}],"line":343},"29":{"loc":{"start":{"line":346,"column":29},"end":{"line":346,"column":51}},"type":"binary-expr","locations":[{"start":{"line":346,"column":29},"end":{"line":346,"column":43}},{"start":{"line":346,"column":47},"end":{"line":346,"column":51}}],"line":346},"30":{"loc":{"start":{"line":352,"column":18},"end":{"line":355,"column":24}},"type":"binary-expr","locations":[{"start":{"line":352,"column":18},"end":{"line":352,"column":44}},{"start":{"line":353,"column":7},"end":{"line":353,"column":26}},{"start":{"line":354,"column":7},"end":{"line":354,"column":21}},{"start":{"line":355,"column":7},"end":{"line":355,"column":24}}],"line":352},"31":{"loc":{"start":{"line":357,"column":2},"end":{"line":359,"column":3}},"type":"if","locations":[{"start":{"line":357,"column":2},"end":{"line":359,"column":3}},{"start":{},"end":{}}],"line":357},"32":{"loc":{"start":{"line":369,"column":16},"end":{"line":369,"column":38}},"type":"binary-expr","locations":[{"start":{"line":369,"column":16},"end":{"line":369,"column":30}},{"start":{"line":369,"column":34},"end":{"line":369,"column":38}}],"line":369},"33":{"loc":{"start":{"line":377,"column":2},"end":{"line":389,"column":3}},"type":"if","locations":[{"start":{"line":377,"column":2},"end":{"line":389,"column":3}},{"start":{"line":379,"column":9},"end":{"line":389,"column":3}}],"line":377},"34":{"loc":{"start":{"line":379,"column":9},"end":{"line":389,"column":3}},"type":"if","locations":[{"start":{"line":379,"column":9},"end":{"line":389,"column":3}},{"start":{"line":381,"column":9},"end":{"line":389,"column":3}}],"line":379},"35":{"loc":{"start":{"line":381,"column":9},"end":{"line":389,"column":3}},"type":"if","locations":[{"start":{"line":381,"column":9},"end":{"line":389,"column":3}},{"start":{"line":383,"column":9},"end":{"line":389,"column":3}}],"line":381},"36":{"loc":{"start":{"line":383,"column":9},"end":{"line":389,"column":3}},"type":"if","locations":[{"start":{"line":383,"column":9},"end":{"line":389,"column":3}},{"start":{"line":385,"column":9},"end":{"line":389,"column":3}}],"line":383},"37":{"loc":{"start":{"line":385,"column":9},"end":{"line":389,"column":3}},"type":"if","locations":[{"start":{"line":385,"column":9},"end":{"line":389,"column":3}},{"start":{"line":387,"column":9},"end":{"line":389,"column":3}}],"line":385},"38":{"loc":{"start":{"line":392,"column":2},"end":{"line":394,"column":3}},"type":"if","locations":[{"start":{"line":392,"column":2},"end":{"line":394,"column":3}},{"start":{},"end":{}}],"line":392},"39":{"loc":{"start":{"line":398,"column":2},"end":{"line":400,"column":3}},"type":"if","locations":[{"start":{"line":398,"column":2},"end":{"line":400,"column":3}},{"start":{},"end":{}}],"line":398},"40":{"loc":{"start":{"line":403,"column":2},"end":{"line":411,"column":3}},"type":"if","locations":[{"start":{"line":403,"column":2},"end":{"line":411,"column":3}},{"start":{},"end":{}}],"line":403},"41":{"loc":{"start":{"line":429,"column":10},"end":{"line":429,"column":22}},"type":"default-arg","locations":[{"start":{"line":429,"column":20},"end":{"line":429,"column":22}}],"line":429},"42":{"loc":{"start":{"line":429,"column":27},"end":{"line":429,"column":37}},"type":"binary-expr","locations":[{"start":{"line":429,"column":27},"end":{"line":429,"column":31}},{"start":{"line":429,"column":35},"end":{"line":429,"column":37}}],"line":429},"43":{"loc":{"start":{"line":431,"column":2},"end":{"line":433,"column":3}},"type":"if","locations":[{"start":{"line":431,"column":2},"end":{"line":433,"column":3}},{"start":{},"end":{}}],"line":431},"44":{"loc":{"start":{"line":435,"column":2},"end":{"line":437,"column":3}},"type":"if","locations":[{"start":{"line":435,"column":2},"end":{"line":437,"column":3}},{"start":{},"end":{}}],"line":435},"45":{"loc":{"start":{"line":461,"column":2},"end":{"line":461,"column":125}},"type":"if","locations":[{"start":{"line":461,"column":2},"end":{"line":461,"column":125}},{"start":{},"end":{}}],"line":461}},"s":{"0":3,"1":3,"2":3,"3":3,"4":3,"5":1,"6":2,"7":7,"8":2,"9":5,"10":1,"11":4,"12":3,"13":4,"14":4,"15":1,"16":3,"17":3,"18":3,"19":3,"20":3,"21":3,"22":3,"23":0,"24":27,"25":1,"26":26,"27":26,"28":21,"29":21,"30":0,"31":21,"32":20,"33":5,"34":5,"35":5,"36":2,"37":2,"38":1,"39":1,"40":1,"41":1,"42":0,"43":1,"44":4,"45":4,"46":0,"47":4,"48":4,"49":3,"50":0,"51":3,"52":4,"53":3,"54":3,"55":1,"56":3,"57":4,"58":3,"59":3,"60":3,"61":13,"62":13,"63":1,"64":12,"65":12,"66":12,"67":12,"68":5,"69":12,"70":5,"71":12,"72":12,"73":1,"74":11,"75":11,"76":11,"77":9,"78":11,"79":11,"80":10,"81":1,"82":9,"83":1,"84":8,"85":6,"86":2,"87":1,"88":1,"89":1,"90":0,"91":10,"92":9,"93":10,"94":10,"95":50,"96":0,"97":10,"98":9,"99":9,"100":0,"101":10,"102":5,"103":5,"104":1,"105":4,"106":1,"107":3,"108":3,"109":8,"110":8,"111":7,"112":1,"113":3,"114":8,"115":3,"116":2,"117":3,"118":0,"119":3},"f":{"0":3,"1":7,"2":4,"3":27,"4":4,"5":3,"6":4,"7":13,"8":5,"9":5,"10":11,"11":9,"12":50,"13":5,"14":8,"15":0},"b":{"0":[1,2],"1":[2,5],"2":[7,6,6],"3":[1,4],"4":[5,1],"5":[1,3],"6":[3,1],"7":[3,2],"8":[3,2],"9":[1,26],"10":[27,27],"11":[21,5],"12":[0,21],"13":[20,0],"14":[2,3],"15":[1,1],"16":[1,0],"17":[0,1],"18":[0,4],"19":[0,3],"20":[3,1],"21":[0],"22":[1,12],"23":[12,12,0],"24":[5,0,0,0],"25":[12,0],"26":[12,0],"27":[12,0],"28":[4,8],"29":[12,11],"30":[12,1,1,1],"31":[1,11],"32":[11,10],"33":[1,9],"34":[1,8],"35":[6,2],"36":[1,1],"37":[1,0],"38":[9,1],"39":[0,10],"40":[9,1],"41":[1],"42":[5,0],"43":[1,4],"44":[1,3],"45":[2,1]},"inputSourceMap":null,"_coverageSchema":"1a1c01bbd47fc00a2c39e90264f33305004495a9","hash":"8546e2c2047be12ab80872dc9251ed97f2022b73"}
}
