TN:
SF:lib/state.js
FN:66,getCache
FN:77,(anonymous_1)
FN:88,(anonymous_2)
FN:89,(anonymous_3)
FN:90,(anonymous_4)
FN:91,(anonymous_5)
FN:92,(anonymous_6)
FN:93,(anonymous_7)
FN:107,configureCache
FN:126,(anonymous_9)
FN:142,normalizeCacheKey
FN:160,truncateAnchor
FN:176,isCacheValid
FN:208,getCacheStats
FN:227,getWorkspace
FN:235,getStateFilePath
FN:269,validate
FN:328,parseFile
FN:353,readState
FN:378,writeState
FN:448,discoverFromSessions
FN:510,setConfig
FN:525,getConfig
FN:556,(anonymous_23)
FNF:24
FNH:16
FNDA:79,getCache
FNDA:2002,(anonymous_1)
FNDA:0,(anonymous_2)
FNDA:0,(anonymous_3)
FNDA:0,(anonymous_4)
FNDA:0,(anonymous_5)
FNDA:0,(anonymous_6)
FNDA:0,(anonymous_7)
FNDA:71,configureCache
FNDA:1,(anonymous_9)
FNDA:0,normalizeCacheKey
FNDA:59,truncateAnchor
FNDA:7,isCacheValid
FNDA:9,getCacheStats
FNDA:351,getWorkspace
FNDA:351,getStateFilePath
FNDA:122,validate
FNDA:220,parseFile
FNDA:231,readState
FNDA:119,writeState
FNDA:5,discoverFromSessions
FNDA:64,setConfig
FNDA:1,getConfig
FNDA:0,(anonymous_23)
DA:23,3
DA:24,3
DA:25,3
DA:35,3
DA:36,3
DA:38,0
DA:39,0
DA:45,3
DA:53,3
DA:59,3
DA:67,79
DA:69,3
DA:70,3
DA:71,0
DA:74,3
DA:78,2002
DA:83,0
DA:84,0
DA:87,0
DA:88,0
DA:89,0
DA:90,0
DA:92,0
DA:93,0
DA:99,3
DA:109,71
DA:110,138
DA:111,137
DA:116,71
DA:117,1
DA:121,71
DA:122,10
DA:123,10
DA:127,1
DA:130,10
DA:132,0
DA:143,0
DA:161,59
DA:163,58
DA:165,58
DA:168,1
DA:177,7
DA:178,3
DA:182,4
DA:183,4
DA:184,3
DA:185,3
DA:186,2
DA:189,2
DA:190,1
DA:191,1
DA:195,1
DA:196,1
DA:201,2
DA:209,9
DA:211,9
DA:228,351
DA:236,351
DA:248,3
DA:270,122
DA:272,122
DA:273,1464
DA:276,1464
DA:277,11
DA:278,11
DA:281,1453
DA:284,843
DA:285,604
DA:286,0
DA:287,604
DA:288,0
DA:290,239
DA:291,120
DA:292,2
DA:294,119
DA:295,119
DA:296,2
DA:298,0
DA:299,0
DA:300,0
DA:306,122
DA:307,121
DA:308,121
DA:309,1
DA:313,122
DA:314,8
DA:330,220
DA:331,220
DA:332,2
DA:334,218
DA:335,218
DA:337,218
DA:338,218
DA:339,216
DA:340,0
DA:342,216
DA:344,2
DA:345,2
DA:354,231
DA:355,231
DA:356,231
DA:357,215
DA:358,213
DA:360,18
DA:361,16
DA:363,2
DA:379,119
DA:380,119
DA:382,119
DA:383,119
DA:386,119
DA:389,119
DA:391,119
DA:393,119
DA:396,119
DA:398,119
DA:399,116
DA:400,116
DA:402,4
DA:403,4
DA:408,115
DA:413,115
DA:415,115
DA:416,1
DA:417,1
DA:421,114
DA:422,114
DA:424,114
DA:425,114
DA:426,112
DA:429,2
DA:430,2
DA:433,112
DA:449,5
DA:451,5
DA:452,5
DA:459,4
DA:460,1
DA:472,3
DA:473,3
DA:474,3
DA:475,3
DA:477,3
DA:478,3
DA:480,3
DA:482,3
DA:493,3
DA:494,3
DA:497,1
DA:498,1
DA:511,64
DA:513,64
DA:514,64
DA:515,64
DA:516,64
DA:517,2
DA:526,1
DA:533,3
DA:556,0
LF:159
LH:139
BRDA:67,0,0,76
BRDA:67,0,1,3
BRDA:70,1,0,0
BRDA:70,1,1,3
BRDA:110,2,0,137
BRDA:110,2,1,1
BRDA:116,3,0,1
BRDA:116,3,1,70
BRDA:121,4,0,10
BRDA:121,4,1,61
BRDA:121,5,0,71
BRDA:121,5,1,68
BRDA:144,6,0,0
BRDA:144,6,1,0
BRDA:145,7,0,0
BRDA:145,7,1,0
BRDA:146,8,0,0
BRDA:146,8,1,0
BRDA:147,9,0,0
BRDA:147,9,1,0
BRDA:160,10,0,0
BRDA:161,11,0,1
BRDA:161,11,1,58
BRDA:165,12,0,57
BRDA:165,12,1,1
BRDA:177,13,0,3
BRDA:177,13,1,4
BRDA:177,14,0,7
BRDA:177,14,1,5
BRDA:183,15,0,3
BRDA:183,15,1,1
BRDA:189,16,0,1
BRDA:189,16,1,1
BRDA:189,17,0,2
BRDA:189,17,1,2
BRDA:212,18,0,0
BRDA:212,18,1,9
BRDA:212,19,0,9
BRDA:212,19,1,8
BRDA:215,20,0,9
BRDA:215,20,1,0
BRDA:228,21,0,351
BRDA:228,21,1,0
BRDA:276,22,0,11
BRDA:276,22,1,1453
BRDA:276,23,0,1464
BRDA:276,23,1,732
BRDA:281,24,0,610
BRDA:281,24,1,843
BRDA:284,25,0,604
BRDA:284,25,1,239
BRDA:285,26,0,0
BRDA:285,26,1,604
BRDA:287,27,0,0
BRDA:287,27,1,604
BRDA:290,28,0,120
BRDA:290,28,1,119
BRDA:291,29,0,2
BRDA:291,29,1,118
BRDA:294,30,0,119
BRDA:294,30,1,0
BRDA:295,31,0,2
BRDA:295,31,1,117
BRDA:298,32,0,0
BRDA:298,32,1,0
BRDA:299,33,0,0
BRDA:299,33,1,0
BRDA:299,34,0,0
BRDA:299,34,1,0
BRDA:299,34,2,0
BRDA:306,35,0,121
BRDA:306,35,1,1
BRDA:306,36,0,122
BRDA:306,36,1,121
BRDA:308,37,0,1
BRDA:308,37,1,120
BRDA:313,38,0,8
BRDA:313,38,1,114
BRDA:331,39,0,2
BRDA:331,39,1,218
BRDA:339,40,0,0
BRDA:339,40,1,216
BRDA:339,41,0,216
BRDA:339,41,1,216
BRDA:358,42,0,213
BRDA:358,42,1,204
BRDA:360,43,0,16
BRDA:360,43,1,2
BRDA:378,44,0,115
BRDA:379,45,0,116
BRDA:379,46,0,118
BRDA:382,47,0,119
BRDA:382,47,1,15
BRDA:391,48,0,119
BRDA:391,48,1,116
BRDA:396,49,0,7
BRDA:396,49,1,112
BRDA:398,50,0,116
BRDA:398,50,1,3
BRDA:413,51,0,8
BRDA:413,51,1,107
BRDA:415,52,0,1
BRDA:415,52,1,114
BRDA:448,53,0,3
BRDA:449,54,0,3
BRDA:449,55,0,4
BRDA:449,56,0,4
BRDA:459,57,0,1
BRDA:459,57,1,3
BRDA:459,58,0,4
BRDA:459,58,1,4
BRDA:473,59,0,3
BRDA:473,59,1,3
BRDA:477,60,0,0
BRDA:477,60,1,3
BRDA:478,61,0,0
BRDA:478,61,1,3
BRDA:483,62,0,3
BRDA:483,62,1,3
BRDA:484,63,0,3
BRDA:484,63,1,3
BRDA:511,64,0,64
BRDA:511,64,1,0
BRDA:514,65,0,2
BRDA:514,65,1,62
BRDA:515,66,0,2
BRDA:515,66,1,62
BRDA:516,67,0,2
BRDA:516,67,1,62
BRF:129
BRH:102
end_of_record
TN:
SF:tools/index.js
FN:146,context_persistence_read
FN:163,context_persistence_write
FN:191,context_persistence_discover
FN:229,cached_memory_search
FN:280,(anonymous_4)
FN:283,(anonymous_5)
FN:297,(anonymous_6)
FN:315,context_persistence_summarize
FN:333,(anonymous_8)
FN:343,(anonymous_9)
FN:363,(anonymous_10)
FN:364,(anonymous_11)
FN:398,(anonymous_12)
FN:428,context_persistence_prefetch
FN:460,(anonymous_14)
FN:470,_cacheStats
FNF:16
FNH:15
FNDA:3,context_persistence_read
FNDA:7,context_persistence_write
FNDA:4,context_persistence_discover
FNDA:27,cached_memory_search
FNDA:4,(anonymous_4)
FNDA:3,(anonymous_5)
FNDA:4,(anonymous_6)
FNDA:13,context_persistence_summarize
FNDA:5,(anonymous_8)
FNDA:5,(anonymous_9)
FNDA:11,(anonymous_10)
FNDA:9,(anonymous_11)
FNDA:50,(anonymous_12)
FNDA:5,context_persistence_prefetch
FNDA:8,(anonymous_14)
FNDA:0,_cacheStats
DA:1,3
DA:2,3
DA:28,3
DA:147,3
DA:148,3
DA:149,1
DA:151,2
DA:164,7
DA:165,2
DA:169,5
DA:170,1
DA:173,4
DA:174,3
DA:192,4
DA:193,4
DA:194,1
DA:197,3
DA:198,3
DA:199,3
DA:201,3
DA:202,3
DA:204,3
DA:205,3
DA:217,0
DA:231,27
DA:232,1
DA:235,26
DA:237,26
DA:238,21
DA:239,21
DA:240,0
DA:242,21
DA:243,20
DA:246,5
DA:249,5
DA:251,5
DA:253,2
DA:255,2
DA:256,1
DA:257,1
DA:261,1
DA:262,1
DA:266,4
DA:267,4
DA:268,0
DA:271,4
DA:272,4
DA:275,3
DA:276,0
DA:280,4
DA:284,3
DA:285,3
DA:287,1
DA:294,3
DA:297,4
DA:301,3
DA:302,3
DA:304,3
DA:317,13
DA:318,13
DA:319,1
DA:323,12
DA:324,12
DA:330,12
DA:331,12
DA:333,5
DA:336,12
DA:343,5
DA:352,12
DA:357,12
DA:358,1
DA:362,11
DA:363,11
DA:364,11
DA:367,11
DA:373,11
DA:377,10
DA:378,1
DA:379,9
DA:380,1
DA:381,8
DA:382,6
DA:383,2
DA:384,1
DA:385,1
DA:386,1
DA:388,0
DA:392,10
DA:393,9
DA:397,10
DA:398,50
DA:399,0
DA:403,10
DA:404,9
DA:405,9
DA:409,0
DA:413,10
DA:429,5
DA:431,5
DA:432,1
DA:435,4
DA:436,1
DA:439,3
DA:441,3
DA:442,8
DA:444,8
DA:450,7
DA:452,1
DA:460,8
DA:461,3
DA:463,3
DA:471,0
DA:478,3
LF:113
LH:105
BRDA:148,0,0,1
BRDA:148,0,1,2
BRDA:164,1,0,2
BRDA:164,1,1,5
BRDA:164,2,0,7
BRDA:164,2,1,6
BRDA:164,2,2,6
BRDA:169,3,0,1
BRDA:169,3,1,4
BRDA:169,4,0,5
BRDA:169,4,1,1
BRDA:193,5,0,1
BRDA:193,5,1,3
BRDA:197,6,0,3
BRDA:197,6,1,1
BRDA:198,7,0,3
BRDA:198,7,1,2
BRDA:199,8,0,3
BRDA:199,8,1,2
BRDA:231,9,0,1
BRDA:231,9,1,26
BRDA:231,10,0,27
BRDA:231,10,1,27
BRDA:237,11,0,21
BRDA:237,11,1,5
BRDA:239,12,0,0
BRDA:239,12,1,21
BRDA:243,13,0,20
BRDA:243,13,1,0
BRDA:251,14,0,2
BRDA:251,14,1,3
BRDA:255,15,0,1
BRDA:255,15,1,1
BRDA:256,16,0,1
BRDA:256,16,1,0
BRDA:261,17,0,0
BRDA:261,17,1,1
BRDA:267,18,0,0
BRDA:267,18,1,4
BRDA:275,19,0,0
BRDA:275,19,1,3
BRDA:282,20,0,3
BRDA:282,20,1,1
BRDA:315,21,0,0
BRDA:318,22,0,1
BRDA:318,22,1,12
BRDA:323,23,0,12
BRDA:323,23,1,12
BRDA:323,23,2,0
BRDA:333,24,0,5
BRDA:333,24,1,0
BRDA:333,24,2,0
BRDA:333,24,3,0
BRDA:338,25,0,12
BRDA:338,25,1,0
BRDA:339,26,0,12
BRDA:339,26,1,0
BRDA:340,27,0,12
BRDA:340,27,1,0
BRDA:343,28,0,4
BRDA:343,28,1,8
BRDA:346,29,0,12
BRDA:346,29,1,11
BRDA:352,30,0,12
BRDA:352,30,1,1
BRDA:352,30,2,1
BRDA:352,30,3,1
BRDA:357,31,0,1
BRDA:357,31,1,11
BRDA:369,32,0,11
BRDA:369,32,1,10
BRDA:377,33,0,1
BRDA:377,33,1,9
BRDA:379,34,0,1
BRDA:379,34,1,8
BRDA:381,35,0,6
BRDA:381,35,1,2
BRDA:383,36,0,1
BRDA:383,36,1,1
BRDA:385,37,0,1
BRDA:385,37,1,0
BRDA:392,38,0,9
BRDA:392,38,1,1
BRDA:398,39,0,0
BRDA:398,39,1,10
BRDA:403,40,0,9
BRDA:403,40,1,1
BRDA:429,41,0,1
BRDA:429,42,0,5
BRDA:429,42,1,0
BRDA:431,43,0,1
BRDA:431,43,1,4
BRDA:435,44,0,1
BRDA:435,44,1,3
BRDA:461,45,0,2
BRDA:461,45,1,1
BRF:96
BRH:79
end_of_record
